#
# There is insufficient memory for the Java Runtime Environment to continue.
# Native memory allocation (mmap) failed to map 1000341504 bytes for G1 virtual space
# Possible reasons:
#   The system is out of physical RAM or swap space
#   The process is running with CompressedOops enabled, and the Java Heap may be blocking the growth of the native heap
# Possible solutions:
#   Reduce memory load on the system
#   Increase physical memory or swap space
#   Check if swap backing store is full
#   Decrease Java heap size (-Xmx/-Xms)
#   Decrease number of Java threads
#   Decrease Java thread stack sizes (-Xss)
#   Set larger code cache with -XX:ReservedCodeCacheSize=
#   JVM is running with Unscaled Compressed Oops mode in which the Java heap is
#     placed in the first 4GB address space. The Java Heap base address is the
#     maximum limit for the native heap growth. Please use -XX:HeapBaseMinAddress
#     to set the Java Heap base and to place the Java Heap above 4GB virtual address.
# This output file may be truncated or incomplete.
#
#  Out of Memory Error (os_windows.cpp:3469), pid=160, tid=480
#
# JRE version:  (17.0.1+12) (build )
# Java VM: OpenJDK 64-Bit Server VM (17.0.1+12, mixed mode, tiered, compressed oops, compressed class ptrs, g1 gc, windows-amd64)
# No core dump will be written. Minidumps are not enabled by default on client versions of Windows
#

---------------  S U M M A R Y ------------

Command Line: -XX:+UseG1GC -Djava.io.tmpdir=C:\Users\Jorge\AppData\Local\Temp\elasticsearch -XX:+HeapDumpOnOutOfMemoryError -XX:+ExitOnOutOfMemoryError -XX:HeapDumpPath=data -XX:ErrorFile=logs/hs_err_pid%p.log -Xlog:gc*,gc+age=trace,safepoint:file=logs/gc.log:utctime,pid,tags:filecount=32,filesize=64m -Xms954m -Xmx954m -Xshare:off -XX:+PrintFlagsFinal 

Host: Intel(R) Pentium(R) CPU        P6100  @ 2.00GHz, 2 cores, 1G,  Windows 7 , 64 bit Build 7601 (6.1.7601.23915)
Time: Sun Feb 20 10:28:02 2022 Hora oficial do Brasil elapsed time: 0.120163 seconds (0d 0h 0m 0s)

---------------  T H R E A D  ---------------

Current thread (0x00000000003613c0):  JavaThread "Unknown thread" [_thread_in_vm, id=480, stack(0x0000000002130000,0x0000000002230000)]

Stack: [0x0000000002130000,0x0000000002230000]
Native frames: (J=compiled Java code, j=interpreted, Vv=VM code, C=native code)
V  [jvm.dll+0x6744da]
V  [jvm.dll+0x82e144]
V  [jvm.dll+0x82f8ee]
V  [jvm.dll+0x82ff53]
V  [jvm.dll+0x245175]
V  [jvm.dll+0x6714c9]
V  [jvm.dll+0x665f92]
V  [jvm.dll+0x303c3b]
V  [jvm.dll+0x30b176]
V  [jvm.dll+0x35af1e]
V  [jvm.dll+0x35b14f]
V  [jvm.dll+0x2dab78]
V  [jvm.dll+0x2dbae4]
V  [jvm.dll+0x7ffdf1]
V  [jvm.dll+0x368c91]
V  [jvm.dll+0x7df2cc]
V  [jvm.dll+0x3eb59f]
V  [jvm.dll+0x3ed121]
C  [jli.dll+0x5277]
C  [ucrtbase.DLL+0x1c1ae]
C  [kernel32.dll+0x159cd]
C  [ntdll.dll+0x2a561]


---------------  P R O C E S S  ---------------

Threads class SMR info:
_java_thread_list=0x000007fee6214e58, length=0, elements={
}

Java Threads: ( => current thread )

Other Threads:
  0x00000000003978e0 GCTaskThread "GC Thread#0" [stack: 0x000000001b9d0000,0x000000001bad0000] [id=6152]
  0x00000000003a17f0 ConcurrentGCThread "G1 Main Marker" [stack: 0x000000001b850000,0x000000001b950000] [id=6468]
  0x00000000003a2910 ConcurrentGCThread "G1 Conc#0" [stack: 0x000000001bbd0000,0x000000001bcd0000] [id=4552]

[error occurred during error reporting (printing all threads), id 0xc0000005, EXCEPTION_ACCESS_VIOLATION (0xc0000005) at pc=0x000007fee59eb5f7]

VM state: not at safepoint (not fully initialized)

VM Mutex/Monitor currently owned by a thread:  ([mutex/lock_event])
[0x000000000035c7d0] Heap_lock - owner thread: 0x00000000003613c0

Heap address: 0x00000000c4600000, size: 954 MB, Compressed Oops mode: 32-bit

CDS archive(s) not mapped
Narrow klass base: 0x0000000000000000, Narrow klass shift: 0, Narrow klass range: 0x0

GC Precious Log:
<Empty>

Heap:
 garbage-first heap   total 0K, used 0K [0x00000000c4600000, 0x0000000100000000)
  region size 1024K, 0 young (0K), 0 survivors (0K)

[error occurred during error reporting (printing heap information), id 0xc0000005, EXCEPTION_ACCESS_VIOLATION (0xc0000005) at pc=0x000007fee5dcd729]

GC Heap History (0 events):
No events

Deoptimization events (0 events):
No events

Classes unloaded (0 events):
No events

Classes redefined (0 events):
No events

Internal exceptions (0 events):
No events

VM Operations (0 events):
No events

Events (1 events):
Event: 0.014 Loaded shared library C:\Users\Jorge\Desktop\testblogg\microblog-main\elasticsearch-8.0.0\jdk\bin\java.dll


Dynamic libraries:
0x000000013f4e0000 - 0x000000013f4ee000 	C:\Users\Jorge\Desktop\testblogg\microblog-main\elasticsearch-8.0.0\jdk\bin\java.exe
0x00000000776b0000 - 0x000000007785a000 	C:\Windows\SYSTEM32\ntdll.dll
0x000007fedfd60000 - 0x000007fedfd76000 	C:\Program Files\AVAST Software\Avast\aswhook.dll
0x0000000077490000 - 0x00000000775af000 	C:\Windows\system32\kernel32.dll
0x000007fefd470000 - 0x000007fefd4da000 	C:\Windows\system32\KERNELBASE.dll
0x000007feee8e0000 - 0x000007feee8f8000 	C:\Users\Jorge\Desktop\testblogg\microblog-main\elasticsearch-8.0.0\jdk\bin\jli.dll
0x000007fefb980000 - 0x000007fefbb74000 	C:\Windows\WinSxS\amd64_microsoft.windows.common-controls_6595b64144ccf1df_6.0.7601.18837_none_fa3b1e3d17594757\COMCTL32.dll
0x000007feff880000 - 0x000007feff91f000 	C:\Windows\system32\msvcrt.dll
0x000007fefe410000 - 0x000007fefe477000 	C:\Windows\system32\GDI32.dll
0x00000000775b0000 - 0x00000000776aa000 	C:\Windows\system32\USER32.dll
0x000007feff870000 - 0x000007feff87e000 	C:\Windows\system32\LPK.dll
0x000007feff7a0000 - 0x000007feff86b000 	C:\Windows\system32\USP10.dll
0x000007feff920000 - 0x000007feff991000 	C:\Windows\system32\SHLWAPI.dll
0x000007feee890000 - 0x000007feee8a9000 	C:\Users\Jorge\Desktop\testblogg\microblog-main\elasticsearch-8.0.0\jdk\bin\VCRUNTIME140.dll
0x000007feef0c0000 - 0x000007feef0c4000 	C:\Users\Jorge\Desktop\testblogg\microblog-main\elasticsearch-8.0.0\jdk\bin\api-ms-win-crt-runtime-l1-1-0.dll
0x000007feea990000 - 0x000007feeaa8a000 	C:\Users\Jorge\Desktop\testblogg\microblog-main\elasticsearch-8.0.0\jdk\bin\ucrtbase.DLL
0x000007feefa60000 - 0x000007feefa63000 	C:\Users\Jorge\Desktop\testblogg\microblog-main\elasticsearch-8.0.0\jdk\bin\api-ms-win-core-localization-l1-2-0.dll
0x000007feeee20000 - 0x000007feeee23000 	C:\Users\Jorge\Desktop\testblogg\microblog-main\elasticsearch-8.0.0\jdk\bin\api-ms-win-core-processthreads-l1-1-1.dll
0x000007feeee50000 - 0x000007feeee53000 	C:\Users\Jorge\Desktop\testblogg\microblog-main\elasticsearch-8.0.0\jdk\bin\api-ms-win-core-file-l1-2-0.dll
0x000007feec840000 - 0x000007feec843000 	C:\Users\Jorge\Desktop\testblogg\microblog-main\elasticsearch-8.0.0\jdk\bin\api-ms-win-core-timezone-l1-1-0.dll
0x000007feee880000 - 0x000007feee883000 	C:\Users\Jorge\Desktop\testblogg\microblog-main\elasticsearch-8.0.0\jdk\bin\api-ms-win-core-file-l2-1-0.dll
0x000007feec750000 - 0x000007feec753000 	C:\Users\Jorge\Desktop\testblogg\microblog-main\elasticsearch-8.0.0\jdk\bin\api-ms-win-core-synch-l1-2-0.dll
0x000007feec760000 - 0x000007feec763000 	C:\Users\Jorge\Desktop\testblogg\microblog-main\elasticsearch-8.0.0\jdk\bin\api-ms-win-crt-heap-l1-1-0.dll
0x000007feec730000 - 0x000007feec734000 	C:\Users\Jorge\Desktop\testblogg\microblog-main\elasticsearch-8.0.0\jdk\bin\api-ms-win-crt-string-l1-1-0.dll
0x000007feec740000 - 0x000007feec744000 	C:\Users\Jorge\Desktop\testblogg\microblog-main\elasticsearch-8.0.0\jdk\bin\api-ms-win-crt-stdio-l1-1-0.dll
0x000007feec710000 - 0x000007feec714000 	C:\Users\Jorge\Desktop\testblogg\microblog-main\elasticsearch-8.0.0\jdk\bin\api-ms-win-crt-convert-l1-1-0.dll
0x000007feec720000 - 0x000007feec723000 	C:\Users\Jorge\Desktop\testblogg\microblog-main\elasticsearch-8.0.0\jdk\bin\api-ms-win-crt-environment-l1-1-0.dll
0x000007feec1d0000 - 0x000007feec1d3000 	C:\Users\Jorge\Desktop\testblogg\microblog-main\elasticsearch-8.0.0\jdk\bin\api-ms-win-crt-filesystem-l1-1-0.dll
0x000007feec1e0000 - 0x000007feec1e5000 	C:\Users\Jorge\Desktop\testblogg\microblog-main\elasticsearch-8.0.0\jdk\bin\api-ms-win-crt-math-l1-1-0.dll
0x000007feec1b0000 - 0x000007feec1b3000 	C:\Users\Jorge\Desktop\testblogg\microblog-main\elasticsearch-8.0.0\jdk\bin\api-ms-win-crt-locale-l1-1-0.dll
0x000007fefe560000 - 0x000007fefe58e000 	C:\Windows\system32\IMM32.DLL
0x000007fefe800000 - 0x000007fefe909000 	C:\Windows\system32\MSCTF.dll
0x000007feec1c0000 - 0x000007feec1cc000 	C:\Users\Jorge\Desktop\testblogg\microblog-main\elasticsearch-8.0.0\jdk\bin\vcruntime140_1.dll
0x000007feea8f0000 - 0x000007feea981000 	C:\Users\Jorge\Desktop\testblogg\microblog-main\elasticsearch-8.0.0\jdk\bin\msvcp140.dll
0x000007feebfb0000 - 0x000007feebfb3000 	C:\Users\Jorge\Desktop\testblogg\microblog-main\elasticsearch-8.0.0\jdk\bin\api-ms-win-crt-time-l1-1-0.dll
0x000007feebfc0000 - 0x000007feebfc3000 	C:\Users\Jorge\Desktop\testblogg\microblog-main\elasticsearch-8.0.0\jdk\bin\api-ms-win-crt-utility-l1-1-0.dll
0x000007fee5700000 - 0x000007fee6346000 	C:\Users\Jorge\Desktop\testblogg\microblog-main\elasticsearch-8.0.0\jdk\bin\server\jvm.dll
0x000007fefe480000 - 0x000007fefe55b000 	C:\Windows\system32\ADVAPI32.dll
0x000007feff9a0000 - 0x000007feff9bf000 	C:\Windows\SYSTEM32\sechost.dll
0x000007fefe000000 - 0x000007fefe12d000 	C:\Windows\system32\RPCRT4.dll
0x000007fef9cf0000 - 0x000007fef9cf9000 	C:\Windows\system32\WSOCK32.dll
0x000007fefe310000 - 0x000007fefe35d000 	C:\Windows\system32\WS2_32.dll
0x000007fefe360000 - 0x000007fefe368000 	C:\Windows\system32\NSI.dll
0x000007fef5960000 - 0x000007fef599b000 	C:\Windows\system32\WINMM.dll
0x000007fefc480000 - 0x000007fefc48c000 	C:\Windows\system32\VERSION.dll
0x0000000077870000 - 0x0000000077877000 	C:\Windows\system32\PSAPI.DLL
0x000007feebaf0000 - 0x000007feebafa000 	C:\Users\Jorge\Desktop\testblogg\microblog-main\elasticsearch-8.0.0\jdk\bin\jimage.dll
0x000007fefaba0000 - 0x000007fefacc5000 	C:\Windows\system32\DBGHELP.DLL
0x000007feebac0000 - 0x000007feebae5000 	C:\Users\Jorge\Desktop\testblogg\microblog-main\elasticsearch-8.0.0\jdk\bin\java.dll

dbghelp: loaded successfully - version: 4.0.5 - missing functions: none
symbol engine: initialized successfully - sym options: 0x614 - pdb path: .;C:\Users\Jorge\Desktop\testblogg\microblog-main\elasticsearch-8.0.0\jdk\bin;C:\Windows\SYSTEM32;C:\Program Files\AVAST Software\Avast;C:\Windows\WinSxS\amd64_microsoft.windows.common-controls_6595b64144ccf1df_6.0.7601.18837_none_fa3b1e3d17594757;C:\Users\Jorge\Desktop\testblogg\microblog-main\elasticsearch-8.0.0\jdk\bin\server

VM Arguments:
jvm_args: -XX:+UseG1GC -Djava.io.tmpdir=C:\Users\Jorge\AppData\Local\Temp\elasticsearch -XX:+HeapDumpOnOutOfMemoryError -XX:+ExitOnOutOfMemoryError -XX:HeapDumpPath=data -XX:ErrorFile=logs/hs_err_pid%p.log -Xlog:gc*,gc+age=trace,safepoint:file=logs/gc.log:utctime,pid,tags:filecount=32,filesize=64m -Xms954m -Xmx954m -Xshare:off -XX:+PrintFlagsFinal 
java_command: <unknown>
java_class_path (initial): <not set>
Launcher Type: SUN_STANDARD

[Global flags]
     intx CICompilerCount                          = 2                                         {product} {ergonomic}
     uint ConcGCThreads                            = 1                                         {product} {ergonomic}
    ccstr ErrorFile                                = logs/hs_err_pid%p.log                     {product} {command line}
     bool ExitOnOutOfMemoryError                   = true                                      {product} {command line}
     uint G1ConcRefinementThreads                  = 2                                         {product} {ergonomic}
   size_t G1HeapRegionSize                         = 1048576                                   {product} {ergonomic}
    uintx GCDrainStackTargetSize                   = 64                                        {product} {ergonomic}
     bool HeapDumpOnOutOfMemoryError               = true                                   {manageable} {command line}
    ccstr HeapDumpPath                             = data                                   {manageable} {command line}
   size_t InitialHeapSize                          = 1000341504                                {product} {command line}
   size_t MarkStackSize                            = 4194304                                   {product} {ergonomic}
   size_t MaxHeapSize                              = 1000341504                                {product} {command line}
   size_t MinHeapDeltaBytes                        = 1048576                                   {product} {ergonomic}
   size_t MinHeapSize                              = 1000341504                                {product} {command line}
    uintx NonNMethodCodeHeapSize                   = 5826188                                {pd product} {ergonomic}
    uintx NonProfiledCodeHeapSize                  = 122916026                              {pd product} {ergonomic}
     bool PrintFlagsFinal                          = true                                      {product} {command line}
    uintx ProfiledCodeHeapSize                     = 122916026                              {pd product} {ergonomic}
     bool RequireSharedSpaces                      = false                                     {product} {command line}
    uintx ReservedCodeCacheSize                    = 251658240                              {pd product} {ergonomic}
     bool SegmentedCodeCache                       = true                                      {product} {ergonomic}
   size_t SoftMaxHeapSize                          = 1000341504                             {manageable} {ergonomic}
     bool UseCompressedClassPointers               = true                           {product lp64_product} {ergonomic}
     bool UseCompressedOops                        = true                           {product lp64_product} {ergonomic}
     bool UseG1GC                                  = true                                      {product} {command line}
     bool UseLargePagesIndividualAllocation        = false                                  {pd product} {ergonomic}
     bool UseSharedSpaces                          = false                                     {product} {command line}

Logging:
Log output configuration:
 #0: stdout all=warning uptime,level,tags
 #1: stderr all=off uptime,level,tags
 #2: file=logs/gc.log all=off,gc*=info,age*=trace,safepoint=info utctime,pid,tags filecount=32,filesize=65536K,async=false (reconfigured)

Environment Variables:
PATH=C:\Program Files\Common Files\Oracle\Java\javapath;C:\ProgramData\Oracle\Java\javapath;C:\Windows\system32;C:\Windows;C:\Windows\System32\Wbem;C:\Windows\System32\WindowsPowerShell\v1.0\;C:\Program Files (x86)\Skype\Phone\;C:\Program Files\nodejs\;C:\Program Files\Git\cmd;C:\Users\Jorge\AppData\Local\Programs\Python\Python38\Scripts\;C:\Users\Jorge\AppData\Local\Programs\Python\Python38\;C:\Users\Jorge\AppData\Local\Programs\Python\Python38-32\Scripts\;C:\Users\Jorge\AppData\Local\Programs\Python\Python38-32\;C:\Users\Jorge\AppData\Local\Programs\Microsoft VS Code\bin;C:\Users\Jorge\AppData\Roaming\npm
USERNAME=Jorge
OS=Windows_NT
PROCESSOR_IDENTIFIER=Intel64 Family 6 Model 37 Stepping 5, GenuineIntel



---------------  S Y S T E M  ---------------

OS:
 Windows 7 , 64 bit Build 7601 (6.1.7601.23915)
OS uptime: 0 days 1:02 hours

CPU: total 2 (initial active 2) (2 cores per cpu, 1 threads per core) family 6 model 37 stepping 5 microcode 0x0, cx8, cmov, fxsr, mmx, sse, sse2, sse3, ssse3, popcnt, tsc, tscinvbit, clflush

Memory: 4k page, system-wide physical 1908M (352M free)
TotalPageFile size 4699M (AvailPageFile size 952M)
current process WorkingSet (physical memory assigned to process): 10M, peak: 10M
current process commit charge ("private bytes"): 52M, peak: 1004M

vm_info: OpenJDK 64-Bit Server VM (17.0.1+12) for windows-amd64 JRE (17.0.1+12), built on Oct 20 2021 07:42:55 by "" with MS VC++ 16.7 (VS2019)

END.
